maps/map.cub
maps/map_1x1.cub
maps/map_2x2.cub
maps/map_3x3.cub
maps/map_badline.cub
maps/map_badlineafterdesc.cub
maps/map_colortoohigh1.cub
maps/map_colortoohigh2.cub
maps/map_colortoohigh3.cub
maps/map_colortoosmall1.cub
maps/map_colortoosmall2.cub
maps/map_colortoosmall3.cub
maps/map_empty.cub
maps/map_firstlinelonger.cub
maps/map_firstlinemissingwall.cub
maps/map_firstlineshorter.cub
maps/map_fullwalls.cub
maps/map_lastlinelonger.cub
maps/map_lastlinemissingwall.cub
maps/map_lastlineshorter.cub
maps/map_missingc.cub
maps/map_missingdesc.cub
maps/map_missingea.cub
maps/map_missingf.cub
maps/map_missingno.cub
maps/map_missingr.cub
maps/map_missings.cub
maps/map_missingso.cub
maps/map_missingwe.cub
maps/map_newline.cub
maps/map_newlinedesc.cub
maps/map_newlineparams.cub
maps/map_noncub
maps/map_nonewlineatend.cub
maps/map_nonewlineatend1x1.cub
maps/map_nonewlineatend2x2.cub
maps/map_nonewlineatend3x3.cub
maps/map_noplayer.cub
maps/map_nospacec.cub
maps/map_nospaceea.cub
maps/map_nospacef.cub
maps/map_nospaceno.cub
maps/map_nospacer.cub
maps/map_nospaces.cub
maps/map_nospaceso.cub
maps/map_nospacewe.cub
maps/map_randomlinelonger.cub
maps/map_randomlinemissingwall.cub
maps/map_randomlinemissingwall2.cub
maps/map_randomlineshorter.cub
maps/map_twicec.cub
maps/map_twiceea.cub
maps/map_twicef.cub
maps/map_twiceno.cub
maps/map_twicer.cub
maps/map_twices.cub
maps/map_twiceso.cub
maps/map_twicewe.cub
maps/map_twoplayers.cub
maps/map_unknowncharindesc.cub
maps/map_wrongformatc.cub
maps/map_wrongformatc2.cub
maps/map_wrongformatc3.cub
maps/map_wrongformatc4.cub
maps/map_wrongformatc5.cub
maps/map_wrongformatc6.cub
maps/map_wrongformatc7.cub
maps/map_wrongformatf.cub
maps/map_wrongformatf2.cub
maps/map_wrongformatf3.cub
maps/map_wrongformatf4.cub
maps/map_wrongformatf5.cub
maps/map_wrongformatr.cub
maps/map_wrongformatr2.cub
maps/map_wrongformatr3.cub
maps/map_wrongformatr4.cub
maps/map_wrongformatr5.cub
maps/map_wrongformatr6.cub
